<?xml version="1.0" encoding="UTF-8"?>
<!-- Generated by org.testng.reporters.JUnitReportReporter -->
<testsuite skipped="0" hostname="Kabloom_Mahesh" name="com.testngscript.TestFactoryAnnotaion" tests="25" failures="0" timestamp="17 Jun 2019 11:49:28 GMT" time="0.027" errors="0">
  <testcase name="f1" time="0.008" classname="com.testngscript.TestFactoryAnnotaion"/>
  <testcase name="f1" time="0.001" classname="com.testngscript.TestFactoryAnnotaion"/>
  <testcase name="f4" time="0.000" classname="com.testngscript.TestFactoryAnnotaion"/>
  <testcase name="f2" time="0.000" classname="com.testngscript.TestFactoryAnnotaion"/>
  <testcase name="f1" time="0.001" classname="com.testngscript.TestFactoryAnnotaion"/>
  <testcase name="f3" time="0.001" classname="com.testngscript.TestFactoryAnnotaion"/>
  <testcase name="f5" time="0.001" classname="com.testngscript.TestFactoryAnnotaion"/>
  <testcase name="f4" time="0.001" classname="com.testngscript.TestFactoryAnnotaion"/>
  <testcase name="f2" time="0.000" classname="com.testngscript.TestFactoryAnnotaion"/>
  <testcase name="f3" time="0.001" classname="com.testngscript.TestFactoryAnnotaion"/>
  <testcase name="f2" time="0.001" classname="com.testngscript.TestFactoryAnnotaion"/>
  <testcase name="f2" time="0.002" classname="com.testngscript.TestFactoryAnnotaion"/>
  <testcase name="f5" time="0.000" classname="com.testngscript.TestFactoryAnnotaion"/>
  <testcase name="f3" time="0.001" classname="com.testngscript.TestFactoryAnnotaion"/>
  <testcase name="f4" time="0.001" classname="com.testngscript.TestFactoryAnnotaion"/>
  <testcase name="f5" time="0.000" classname="com.testngscript.TestFactoryAnnotaion"/>
  <testcase name="f2" time="0.002" classname="com.testngscript.TestFactoryAnnotaion"/>
  <testcase name="f4" time="0.000" classname="com.testngscript.TestFactoryAnnotaion"/>
  <testcase name="f1" time="0.001" classname="com.testngscript.TestFactoryAnnotaion"/>
  <testcase name="f1" time="0.001" classname="com.testngscript.TestFactoryAnnotaion"/>
  <testcase name="f5" time="0.001" classname="com.testngscript.TestFactoryAnnotaion"/>
  <testcase name="f4" time="0.000" classname="com.testngscript.TestFactoryAnnotaion"/>
  <testcase name="f3" time="0.001" classname="com.testngscript.TestFactoryAnnotaion"/>
  <testcase name="f5" time="0.001" classname="com.testngscript.TestFactoryAnnotaion"/>
  <testcase name="f3" time="0.001" classname="com.testngscript.TestFactoryAnnotaion"/>
</testsuite> <!-- com.testngscript.TestFactoryAnnotaion -->
