<?xml version="1.0" encoding="UTF-8"?>
<!-- Generated by org.testng.reporters.JUnitReportReporter -->
<testsuite skipped="0" hostname="Kabloom_Mahesh" name="com.testngscript.TestNGClass1" tests="1" failures="0" timestamp="17 Jun 2019 17:04:10 GMT" time="0.004" errors="0">
  <testcase name="classMethod1" time="0.004" classname="com.testngscript.TestNGClass1"/>
</testsuite> <!-- com.testngscript.TestNGClass1 -->
