<?xml version="1.0" encoding="UTF-8"?>
<!-- Generated by org.testng.reporters.JUnitReportReporter -->
<testsuite skipped="0" hostname="Kabloom_Mahesh" name="com.testngscript.DependsOnMethodsTestCase" tests="2" failures="0" timestamp="17 Jun 2019 10:30:21 GMT" time="0.009" errors="0">
  <testcase name="testCase1" time="0.002" classname="com.testngscript.DependsOnMethodsTestCase"/>
  <testcase name="testCase2" time="0.007" classname="com.testngscript.DependsOnMethodsTestCase"/>
</testsuite> <!-- com.testngscript.DependsOnMethodsTestCase -->
