<?xml version="1.0" encoding="UTF-8"?>
<!-- Generated by org.testng.reporters.JUnitReportReporter -->
<testsuite skipped="0" hostname="Kabloom_Mahesh" name="com.testngscript.TestCase1" tests="4" failures="0" timestamp="17 Jun 2019 10:47:51 GMT" time="0.011" errors="0">
  <testcase name="testException" time="0.001" classname="com.testngscript.TestCase1"/>
  <testcase name="testException" time="0.001" classname="com.testngscript.TestCase1"/>
  <testcase name="testException" time="0.008" classname="com.testngscript.TestCase1"/>
  <testcase name="testException" time="0.001" classname="com.testngscript.TestCase1"/>
</testsuite> <!-- com.testngscript.TestCase1 -->
