<?xml version="1.0" encoding="UTF-8"?>
<!-- Generated by org.testng.reporters.JUnitReportReporter -->
<testsuite skipped="0" hostname="Kabloom_Mahesh" name="com.testscript.RestAPIDemo" tests="1" failures="0" timestamp="21 Jun 2019 12:48:00 GMT" time="1.506" errors="0">
  <testcase name="GetWeatherDetails" time="1.506" classname="com.testscript.RestAPIDemo"/>
</testsuite> <!-- com.testscript.RestAPIDemo -->
