<?xml version="1.0" encoding="UTF-8"?>
<!-- Generated by org.testng.reporters.JUnitReportReporter -->
<testsuite skipped="0" hostname="Kabloom_Mahesh" name="com.testngscript.TestCase2" tests="1" failures="0" timestamp="17 Jun 2019 09:51:52 GMT" time="0.001" errors="0">
  <testcase name="composeMail" time="0.001" classname="com.testngscript.TestCase2"/>
</testsuite> <!-- com.testngscript.TestCase2 -->
