<?xml version="1.0" encoding="UTF-8"?>
<!-- Generated by org.testng.reporters.JUnitReportReporter -->
<testsuite skipped="0" hostname="Kabloom_Mahesh" name="com.testscript.Test3" tests="1" failures="0" timestamp="16 Jun 2019 16:16:48 GMT" time="0.001" errors="0">
  <testcase name="testHe" time="0.001" classname="com.testscript.Test3"/>
</testsuite> <!-- com.testscript.Test3 -->
