<?xml version="1.0" encoding="UTF-8"?>
<!-- Generated by org.testng.reporters.JUnitReportReporter -->
<testsuite skipped="0" hostname="Kabloom_Mahesh" name="com.testngscript.Test2" tests="1" failures="0" timestamp="16 Jun 2019 16:12:44 GMT" time="0.001" errors="0">
  <testcase name="testYou" time="0.001" classname="com.testngscript.Test2"/>
</testsuite> <!-- com.testngscript.Test2 -->
