<?xml version="1.0" encoding="UTF-8"?>
<!-- Generated by org.testng.reporters.JUnitReportReporter -->
<testsuite skipped="0" hostname="Kabloom_Mahesh" name="com.testngscript.MyTest" tests="3" failures="0" timestamp="19 Jun 2019 15:19:45 GMT" time="0.009" errors="0">
  <testcase name="testPk" time="0.001" classname="com.testngscript.MyTest"/>
  <testcase name="testYou" time="0.002" classname="com.testngscript.MyTest"/>
  <testcase name="testCk" time="0.006" classname="com.testngscript.MyTest"/>
</testsuite> <!-- com.testngscript.MyTest -->
