<?xml version="1.0" encoding="UTF-8"?>
<!-- Generated by org.testng.reporters.JUnitReportReporter -->
<testsuite skipped="0" hostname="Kabloom_Mahesh" name="com.testngscript.TestNGClass2" tests="1" failures="0" timestamp="17 Jun 2019 17:04:10 GMT" time="0.000" errors="0">
  <testcase name="classMethod2" time="0.000" classname="com.testngscript.TestNGClass2"/>
</testsuite> <!-- com.testngscript.TestNGClass2 -->
