<?xml version="1.0" encoding="UTF-8"?>
<!-- Generated by org.testng.reporters.JUnitReportReporter -->
<testsuite skipped="0" hostname="Kabloom_Mahesh" name="com.testscript.Test1" tests="2" failures="0" timestamp="16 Jun 2019 15:42:36 GMT" time="0.008" errors="0">
  <testcase name="testCaseOne" time="0.007" classname="com.testscript.Test1"/>
  <testcase name="testCaseTwo" time="0.001" classname="com.testscript.Test1"/>
</testsuite> <!-- com.testscript.Test1 -->
