<?xml version="1.0" encoding="UTF-8"?>
<!-- Generated by org.testng.reporters.JUnitReportReporter -->
<testsuite skipped="0" hostname="Kabloom_Mahesh" name="com.testngscript.PageTest" tests="1" failures="0" timestamp="16 Jun 2019 16:16:48 GMT" time="0.000" errors="0">
  <testcase name="pageTest" time="0.000" classname="com.testngscript.PageTest"/>
</testsuite> <!-- com.testngscript.PageTest -->
