<?xml version="1.0" encoding="UTF-8"?>
<!-- Generated by org.testng.reporters.JUnitReportReporter -->
<testsuite hostname="Kabloom_Mahesh" name="com.testngscript.DependsOnMethodsTestCase" tests="2" failures="0" timestamp="18 Jun 2019 14:00:06 GMT" time="0.006" errors="0">
  <testcase name="testCase1" time="0.001" classname="com.testngscript.DependsOnMethodsTestCase"/>
  <testcase name="testCase2" time="0.005" classname="com.testngscript.DependsOnMethodsTestCase"/>
</testsuite> <!-- com.testngscript.DependsOnMethodsTestCase -->
